2022-06-23 14:55:06:299|INFO |main|logStarting:55|com.demo.Application|Starting Application using Java 1.8.0_241 on tomcat with PID 15828 (D:\work\zxj\execute-time-detect-parent\demo\target\classes started by 钟小俊 in D:\work\zxj\execute-time-detect-parent)
2022-06-23 14:55:06:301|DEBUG|main|logStarting:56|com.demo.Application|Running with Spring Boot v2.5.6, Spring v5.3.20
2022-06-23 14:55:06:301|INFO |main|logStartupProfileInfo:659|com.demo.Application|No active profile set, falling back to default profiles: default
2022-06-23 14:59:00:073|INFO |main|logStarting:55|com.demo.Application|Starting Application using Java 1.8.0_241 on tomcat with PID 19928 (D:\work\zxj\execute-time-detect-parent\demo\target\classes started by 钟小俊 in D:\work\zxj\execute-time-detect-parent)
2022-06-23 14:59:00:076|DEBUG|main|logStarting:56|com.demo.Application|Running with Spring Boot v2.5.6, Spring v5.3.20
2022-06-23 14:59:00:077|INFO |main|logStartupProfileInfo:659|com.demo.Application|No active profile set, falling back to default profiles: default
2022-06-23 14:59:00:639|INFO |main|logStarted:61|com.demo.Application|Started Application in 1.058 seconds (JVM running for 1.478)
2022-06-23 15:01:09:713|INFO |main|logStarting:55|com.demo.Application|Starting Application using Java 1.8.0_241 on tomcat with PID 18880 (D:\work\zxj\execute-time-detect-parent\demo\target\classes started by 钟小俊 in D:\work\zxj\execute-time-detect-parent)
2022-06-23 15:01:09:715|DEBUG|main|logStarting:56|com.demo.Application|Running with Spring Boot v2.5.6, Spring v5.3.20
2022-06-23 15:01:09:715|INFO |main|logStartupProfileInfo:659|com.demo.Application|No active profile set, falling back to default profiles: default
2022-06-23 15:01:10:278|INFO |main|logStarted:61|com.demo.Application|Started Application in 1.246 seconds (JVM running for 1.806)
2022-06-23 15:17:10:572|INFO |main|logStarting:55|com.demo.Application|Starting Application using Java 1.8.0_241 on tomcat with PID 19660 (D:\work\zxj\execute-time-detect-parent\demo\target\classes started by 钟小俊 in D:\work\zxj\execute-time-detect-parent)
2022-06-23 15:17:10:576|DEBUG|main|logStarting:56|com.demo.Application|Running with Spring Boot v2.5.6, Spring v5.3.20
2022-06-23 15:17:10:576|INFO |main|logStartupProfileInfo:659|com.demo.Application|No active profile set, falling back to default profiles: default
2022-06-23 15:17:11:123|INFO |main|logStarted:61|com.demo.Application|Started Application in 1.062 seconds (JVM running for 1.556)
2022-06-23 15:18:42:214|INFO |main|logStarting:55|com.demo.Application|Starting Application using Java 1.8.0_241 on tomcat with PID 7404 (D:\work\zxj\execute-time-detect-parent\demo\target\classes started by 钟小俊 in D:\work\zxj\execute-time-detect-parent)
2022-06-23 15:18:42:218|DEBUG|main|logStarting:56|com.demo.Application|Running with Spring Boot v2.5.6, Spring v5.3.20
2022-06-23 15:18:42:218|INFO |main|logStartupProfileInfo:659|com.demo.Application|No active profile set, falling back to default profiles: default
2022-06-23 15:18:42:959|INFO |main|logStarted:61|com.demo.Application|Started Application in 1.3 seconds (JVM running for 1.714)
2022-06-23 15:19:10:700|INFO |main|logStarting:55|com.demo.Application|Starting Application using Java 1.8.0_241 on tomcat with PID 4788 (D:\work\zxj\execute-time-detect-parent\demo\target\classes started by 钟小俊 in D:\work\zxj\execute-time-detect-parent)
2022-06-23 15:19:10:703|DEBUG|main|logStarting:56|com.demo.Application|Running with Spring Boot v2.5.6, Spring v5.3.20
2022-06-23 15:19:10:703|INFO |main|logStartupProfileInfo:659|com.demo.Application|No active profile set, falling back to default profiles: default
2022-06-23 15:19:11:325|INFO |main|logStarted:61|com.demo.Application|Started Application in 1.133 seconds (JVM running for 1.532)
2022-06-23 15:19:50:565|INFO |main|logStarting:55|com.demo.Application|Starting Application using Java 1.8.0_241 on tomcat with PID 9592 (D:\work\zxj\execute-time-detect-parent\demo\target\classes started by 钟小俊 in D:\work\zxj\execute-time-detect-parent)
2022-06-23 15:19:50:568|DEBUG|main|logStarting:56|com.demo.Application|Running with Spring Boot v2.5.6, Spring v5.3.20
2022-06-23 15:19:50:569|INFO |main|logStartupProfileInfo:659|com.demo.Application|No active profile set, falling back to default profiles: default
2022-06-23 15:19:51:114|INFO |main|logStarted:61|com.demo.Application|Started Application in 1.048 seconds (JVM running for 1.431)
2022-06-23 15:24:02:024|INFO |main|logStarting:55|com.demo.Application|Starting Application using Java 1.8.0_241 on tomcat with PID 7540 (D:\work\zxj\execute-time-detect-parent\demo\target\classes started by 钟小俊 in D:\work\zxj\execute-time-detect-parent)
2022-06-23 15:24:02:027|DEBUG|main|logStarting:56|com.demo.Application|Running with Spring Boot v2.5.6, Spring v5.3.20
2022-06-23 15:24:02:027|INFO |main|logStartupProfileInfo:659|com.demo.Application|No active profile set, falling back to default profiles: default
2022-06-23 15:24:02:629|INFO |main|logStarted:61|com.demo.Application|Started Application in 1.054 seconds (JVM running for 1.423)
2022-06-23 15:31:03:299|INFO |main|logStarting:55|com.demo.Application|Starting Application using Java 1.8.0_241 on tomcat with PID 19640 (D:\work\zxj\execute-time-detect-parent\demo\target\classes started by 钟小俊 in D:\work\zxj\execute-time-detect-parent)
2022-06-23 15:31:03:302|DEBUG|main|logStarting:56|com.demo.Application|Running with Spring Boot v2.5.6, Spring v5.3.20
2022-06-23 15:31:03:302|INFO |main|logStartupProfileInfo:659|com.demo.Application|No active profile set, falling back to default profiles: default
2022-06-23 15:31:03:821|INFO |main|logStarted:61|com.demo.Application|Started Application in 1.012 seconds (JVM running for 1.397)
2022-06-23 15:32:01:266|INFO |main|logStarting:55|com.demo.Application|Starting Application using Java 1.8.0_241 on tomcat with PID 19488 (D:\work\zxj\execute-time-detect-parent\demo\target\classes started by 钟小俊 in D:\work\zxj\execute-time-detect-parent)
2022-06-23 15:32:01:268|DEBUG|main|logStarting:56|com.demo.Application|Running with Spring Boot v2.5.6, Spring v5.3.20
2022-06-23 15:32:01:269|INFO |main|logStartupProfileInfo:659|com.demo.Application|No active profile set, falling back to default profiles: default
2022-06-23 15:32:01:786|INFO |main|logStarted:61|com.demo.Application|Started Application in 0.989 seconds (JVM running for 1.359)
2022-06-23 15:33:39:932|INFO |main|logStarting:55|com.demo.Application|Starting Application using Java 1.8.0_241 on tomcat with PID 12764 (D:\work\zxj\execute-time-detect-parent\demo\target\classes started by 钟小俊 in D:\work\zxj\execute-time-detect-parent)
2022-06-23 15:33:39:934|DEBUG|main|logStarting:56|com.demo.Application|Running with Spring Boot v2.5.6, Spring v5.3.20
2022-06-23 15:33:39:934|INFO |main|logStartupProfileInfo:659|com.demo.Application|No active profile set, falling back to default profiles: default
2022-06-23 15:33:40:464|INFO |main|logStarted:61|com.demo.Application|Started Application in 0.988 seconds (JVM running for 1.369)
2022-06-23 15:34:29:279|INFO |main|logStarting:55|com.demo.Application|Starting Application using Java 1.8.0_241 on tomcat with PID 6704 (D:\work\zxj\execute-time-detect-parent\demo\target\classes started by 钟小俊 in D:\work\zxj\execute-time-detect-parent)
2022-06-23 15:34:29:282|DEBUG|main|logStarting:56|com.demo.Application|Running with Spring Boot v2.5.6, Spring v5.3.20
2022-06-23 15:34:29:283|INFO |main|logStartupProfileInfo:659|com.demo.Application|No active profile set, falling back to default profiles: default
2022-06-23 15:34:29:818|INFO |main|logStarted:61|com.demo.Application|Started Application in 1.01 seconds (JVM running for 1.375)
2022-06-23 15:36:22:786|DEBUG|main|debug:45|TimeDetectInterceper|execute class com.demo.test.RunMethod.test1 time : 519 ms
2022-06-23 15:36:25:803|DEBUG|main|debug:45|TimeDetectInterceper|execute class com.demo.test.RunMethod2.test1 time : 1 s 14 ms
2022-06-23 15:36:25:803|DEBUG|main|debug:45|TimeDetectInterceper|execute method time too long , start multicastEvent
2022-06-23 15:54:35:590|DEBUG|main|debug:45|TimeDetectInterceper|execute class com.demo.test.RunMethod.test1 time : 514 ms
2022-06-23 15:54:38:604|DEBUG|main|debug:45|TimeDetectInterceper|execute class com.demo.test.RunMethod2.test1 time : 1 s 11 ms
2022-06-23 15:54:38:604|DEBUG|main|debug:45|TimeDetectInterceper|execute method time too long , start multicastEvent
2022-06-23 16:45:45:238|DEBUG|main|debug:45|TimeDetectInterceper|execute class com.demo.test.RunMethod.test1 time : 517 ms
2022-06-23 16:45:48:260|DEBUG|main|debug:45|TimeDetectInterceper|execute class com.demo.test.RunMethod2.test1 time : 1 s 17 ms
2022-06-23 16:45:48:260|DEBUG|main|debug:45|TimeDetectInterceper|execute method time too long , start multicastEvent
2022-06-23 16:48:19:749|DEBUG|main|debug:45|TimeDetectInterceper|execute class com.demo.test.RunMethod.test1 time : 507 ms
2022-06-23 16:48:22:772|DEBUG|main|debug:45|TimeDetectInterceper|execute class com.demo.test.RunMethod2.test1 time : 1 s 13 ms
2022-06-23 16:48:22:772|DEBUG|main|debug:45|TimeDetectInterceper|execute method time too long , start multicastEvent
2022-06-23 18:05:42:652|DEBUG|main|debug:45|TimeDetectInterceper|execute class com.demo.test.RunMethod.test1 time : 510 ms
2022-06-23 18:05:45:673|DEBUG|main|debug:45|TimeDetectInterceper|execute class com.demo.test.RunMethod2.test1 time : 1 s 12 ms
2022-06-23 18:05:45:673|DEBUG|main|debug:45|TimeDetectInterceper|execute method time too long , start multicastEvent
2022-06-23 18:07:24:838|DEBUG|main|debug:45|TimeDetectInterceper|execute class com.demo.test.RunMethod.test1 time : 518 ms
2022-06-23 18:07:27:856|DEBUG|main|debug:45|TimeDetectInterceper|execute class com.demo.test.RunMethod2.test1 time : 1 s 12 ms
2022-06-23 18:07:27:856|DEBUG|main|debug:45|TimeDetectInterceper|execute method time too long , start multicastEvent
2022-06-23 18:12:27:631|DEBUG|main|debug:45|TimeDetectInterceper|execute class com.demo.test.RunMethod.test1 time : 519 ms
2022-06-23 18:12:30:656|DEBUG|main|debug:45|TimeDetectInterceper|execute class com.demo.test.RunMethod2.test1 time : 1 s 18 ms
2022-06-23 18:12:30:657|DEBUG|main|debug:45|TimeDetectInterceper|execute method time too long , start multicastEvent
2022-06-23 18:17:44:207|DEBUG|main|debug:45|TimeDetectInterceper|execute class com.demo.test.RunMethod.test1 time : 510 ms
2022-06-23 18:17:47:235|DEBUG|main|debug:45|TimeDetectInterceper|execute class com.demo.test.RunMethod2.test1 time : 1 s 14 ms
2022-06-23 18:17:47:235|DEBUG|main|debug:45|TimeDetectInterceper|execute method time too long , start multicastEvent
2022-06-23 18:18:01:959|DEBUG|main|debug:45|TimeDetectInterceper|execute class com.demo.test.RunMethod.test1 time : 522 ms
2022-06-23 18:18:04:976|DEBUG|main|debug:45|TimeDetectInterceper|execute class com.demo.test.RunMethod2.test1 time : 1 s 7 ms
2022-06-23 18:18:04:976|DEBUG|main|debug:45|TimeDetectInterceper|execute method time too long , start multicastEvent
2022-06-23 18:19:21:474|DEBUG|main|debug:45|TimeDetectInterceper|execute class com.demo.test.RunMethod.test1 time : 507 ms
