2022-06-24 10:18:24:073|DEBUG|main|debug:45|TimeDetectInterceper|execute class com.demo.test.RunMethod.test1 time : 516 ms
2022-06-24 10:20:06:552|DEBUG|main|debug:45|TimeDetectInterceper|execute class com.demo.test.RunMethod.test1 time : 516 ms
2022-06-24 10:20:09:571|DEBUG|main|debug:45|TimeDetectInterceper|execute class com.demo.test.RunMethod.test2 time : 3 s 17 ms
2022-06-24 10:20:09:571|DEBUG|main|debug:45|TimeDetectInterceper|execute method time too long , start multicastEvent
2022-06-24 10:24:03:634|DEBUG|main|debug:45|TimeDetectInterceper|execute class com.demo.test.RunMethod.test1 time : 513 ms
2022-06-24 10:24:06:655|DEBUG|main|debug:45|TimeDetectInterceper|execute class com.demo.test.RunMethod2.test1 time : 1 s 12 ms
2022-06-24 10:24:06:656|DEBUG|main|debug:45|TimeDetectInterceper|execute class com.demo.test.RunMethod.test2 time : 3 s 18 ms
2022-06-24 10:24:06:656|DEBUG|main|debug:45|TimeDetectInterceper|execute method time too long , start multicastEvent
2022-06-24 10:26:01:727|DEBUG|main|debug:45|TimeDetectInterceper|execute class com.demo.test.RunMethod.test1 time : 517 ms
2022-06-24 10:26:01:729|DEBUG|main|debug:45|TimeDetectInterceper|execute method time too long , start multicastEvent
2022-06-24 10:26:04:749|DEBUG|main|debug:45|TimeDetectInterceper|execute class com.demo.test.RunMethod2.test1 time : 1 s 16 ms
2022-06-24 10:26:04:749|DEBUG|main|debug:45|TimeDetectInterceper|execute class com.demo.test.RunMethod.test2 time : 3 s 18 ms
2022-06-24 10:26:04:750|DEBUG|main|debug:45|TimeDetectInterceper|execute method time too long , start multicastEvent
2022-06-24 10:54:52:248|DEBUG|main|debug:45|TimeDetectInterceper|execute class com.demo.test.RunMethod.test1 time : 519 ms
2022-06-24 10:54:52:249|DEBUG|main|debug:45|TimeDetectInterceper|execute method time too long , start multicastEvent
2022-06-24 10:54:55:270|DEBUG|main|debug:45|TimeDetectInterceper|execute class com.demo.test.RunMethod2.test1 time : 1 s 13 ms
2022-06-24 10:54:55:270|DEBUG|main|debug:45|TimeDetectInterceper|execute class com.demo.test.RunMethod.test2 time : 3 s 19 ms
2022-06-24 10:54:55:270|DEBUG|main|debug:45|TimeDetectInterceper|execute method time too long , start multicastEvent
2022-06-24 10:55:31:520|DEBUG|main|debug:45|TimeDetectInterceper|execute class com.demo.test.RunMethod.test1 time : 514 ms
2022-06-24 10:55:31:522|DEBUG|main|debug:45|TimeDetectInterceper|execute method time too long , start multicastEvent
2022-06-24 10:55:34:049|DEBUG|main|debug:45|TimeDetectInterceper|execute class com.demo.test.RunMethod.test2 time : 2 s 525 ms
2022-06-24 10:58:52:448|DEBUG|main|debug:45|TimeDetectInterceper|execute class com.demo.test.RunMethod.test1 time : 519 ms
2022-06-24 10:58:52:450|DEBUG|main|debug:45|TimeDetectInterceper|execute method time too long , start multicastEvent
2022-06-24 10:58:54:980|DEBUG|main|debug:45|TimeDetectInterceper|execute class com.demo.test.RunMethod.test2 time : 2 s 529 ms
2022-06-24 10:59:05:986|DEBUG|main|debug:45|TimeDetectInterceper|execute class com.demo.test.RunMethod.test1 time : 521 ms
2022-06-24 10:59:05:988|DEBUG|main|debug:45|TimeDetectInterceper|execute method time too long , start multicastEvent
2022-06-24 10:59:08:503|DEBUG|main|debug:45|TimeDetectInterceper|execute class com.demo.test.RunMethod.test2 time : 2 s 514 ms
2022-06-24 10:59:20:661|DEBUG|main|debug:45|TimeDetectInterceper|execute class com.demo.test.RunMethod.test1 time : 518 ms
2022-06-24 10:59:20:663|DEBUG|main|debug:45|TimeDetectInterceper|execute method time too long , start multicastEvent
2022-06-24 10:59:49:529|DEBUG|main|debug:45|TimeDetectInterceper|execute class com.demo.test.RunMethod.test2 time : 2 s 525 ms
2022-06-24 11:00:26:654|DEBUG|main|debug:45|TimeDetectInterceper|execute class com.demo.test.RunMethod.test1 time : 520 ms
2022-06-24 11:00:26:656|DEBUG|main|debug:45|TimeDetectInterceper|execute method time too long , start multicastEvent
2022-06-24 11:00:29:176|DEBUG|main|debug:45|TimeDetectInterceper|execute class com.demo.test.RunMethod.test2 time : 2 s 518 ms
2022-06-24 11:00:29:176|DEBUG|main|debug:45|TimeDetectInterceper|execute method time too long , start multicastEvent
2022-06-24 14:23:30:850|DEBUG|main|enhance:66|TimeDetectInterceper|execute class com.demo.test.RunMethod.test1 time : 515 ms
2022-06-24 14:23:30:852|DEBUG|main|enhance:69|TimeDetectInterceper|execute method time too long , start multicastEvent
2022-06-24 14:23:33:370|DEBUG|main|enhance:66|TimeDetectInterceper|execute class com.demo.test.RunMethod.test2 time : 2 s 517 ms
2022-06-24 14:23:33:370|DEBUG|main|enhance:69|TimeDetectInterceper|execute method time too long , start multicastEvent
2022-06-24 16:19:13:158|DEBUG|main|enhance:66|com.github.zjimmy.intecepter.TimeDetectInterceper|execute class com.demo.test.RunMethod.test1 time : 515 ms
2022-06-24 16:19:13:160|DEBUG|main|enhance:69|com.github.zjimmy.intecepter.TimeDetectInterceper|execute method time too long , start multicastEvent
2022-06-24 16:19:15:677|DEBUG|main|enhance:66|com.github.zjimmy.intecepter.TimeDetectInterceper|execute class com.demo.test.RunMethod.test2 time : 2 s 515 ms
2022-06-24 16:19:15:677|DEBUG|main|enhance:69|com.github.zjimmy.intecepter.TimeDetectInterceper|execute method time too long , start multicastEvent
2022-06-24 17:06:28:849|DEBUG|main|enhance:66|com.github.zjimmy.intecepter.TimeDetectInterceper|execute class com.demo.test.RunMethod.test1 time : 500 ms
2022-06-24 17:06:28:849|DEBUG|main|enhance:69|com.github.zjimmy.intecepter.TimeDetectInterceper|execute method time too long , start multicastEvent
2022-06-24 17:06:31:364|DEBUG|main|enhance:66|com.github.zjimmy.intecepter.TimeDetectInterceper|execute class com.demo.test.RunMethod.test2 time : 2 s 515 ms
2022-06-24 17:06:31:364|DEBUG|main|enhance:69|com.github.zjimmy.intecepter.TimeDetectInterceper|execute method time too long , start multicastEvent
